  canny.cpp
C:\Git\COMP3001-coursework\Report\Question 4\Question4\Question4\canny.cpp(22,9): warning C4101: 'j': unreferenced local variable
C:\Git\COMP3001-coursework\Report\Question 4\Question4\Question4\canny.cpp(22,6): warning C4101: 'i': unreferenced local variable
C:\Git\COMP3001-coursework\Report\Question 4\Question4\Question4\canny.cpp(28,16): warning C4101: 'temp': unreferenced local variable
C:\Git\COMP3001-coursework\Report\Question 4\Question4\Question4\canny.cpp(133,45): warning C4244: '=': conversion from 'double' to 'float', possible loss of data
C:\Git\COMP3001-coursework\Report\Question 4\Question4\Question4\canny.cpp(80,9): warning C4101: 'j': unreferenced local variable
C:\Git\COMP3001-coursework\Report\Question 4\Question4\Question4\canny.cpp(80,6): warning C4101: 'i': unreferenced local variable
C:\Git\COMP3001-coursework\Report\Question 4\Question4\Question4\canny.cpp(89,16): warning C4101: 'temp': unreferenced local variable
C:\Git\COMP3001-coursework\Report\Question 4\Question4\Question4\canny.cpp(447,45): warning C4244: '=': conversion from 'double' to 'float', possible loss of data
C:\Git\COMP3001-coursework\Report\Question 4\Question4\Question4\canny.cpp(415,6): warning C4101: 'newPixel': unreferenced local variable
C:\Git\COMP3001-coursework\Report\Question 4\Question4\Question4\canny.cpp(407,9): warning C4101: 'j': unreferenced local variable
C:\Git\COMP3001-coursework\Report\Question 4\Question4\Question4\canny.cpp(407,6): warning C4101: 'i': unreferenced local variable
C:\Git\COMP3001-coursework\Report\Question 4\Question4\Question4\canny.cpp(417,16): warning C4101: 'temp': unreferenced local variable
C:\Git\COMP3001-coursework\Report\Question 4\Question4\Question4\canny.cpp(475,6): warning C4101: 'newAngle': unreferenced local variable
C:\Git\COMP3001-coursework\Report\Question 4\Question4\Question4\canny.cpp(473,6): warning C4101: 'Gy': unreferenced local variable
C:\Git\COMP3001-coursework\Report\Question 4\Question4\Question4\canny.cpp(470,6): warning C4101: 'rowOffset': unreferenced local variable
C:\Git\COMP3001-coursework\Report\Question 4\Question4\Question4\canny.cpp(476,6): warning C4101: 'newPixel': unreferenced local variable
C:\Git\COMP3001-coursework\Report\Question 4\Question4\Question4\canny.cpp(469,18): warning C4101: 'row': unreferenced local variable
C:\Git\COMP3001-coursework\Report\Question 4\Question4\Question4\canny.cpp(471,6): warning C4101: 'colOffset': unreferenced local variable
C:\Git\COMP3001-coursework\Report\Question 4\Question4\Question4\canny.cpp(472,6): warning C4101: 'Gx': unreferenced local variable
C:\Git\COMP3001-coursework\Report\Question 4\Question4\Question4\canny.cpp(469,23): warning C4101: 'col': unreferenced local variable
C:\Git\COMP3001-coursework\Report\Question 4\Question4\Question4\canny.cpp(478,16): warning C4101: 'temp': unreferenced local variable
C:\Git\COMP3001-coursework\Report\Question 4\Question4\Question4\canny.cpp(474,8): warning C4101: 'thisAngle': unreferenced local variable
C:\Git\COMP3001-coursework\Report\Question 4\Question4\Question4\canny.cpp(767,45): warning C4244: '=': conversion from 'double' to 'float', possible loss of data
C:\Git\COMP3001-coursework\Report\Question 4\Question4\Question4\canny.cpp(736,6): warning C4101: 'newPixel': unreferenced local variable
C:\Git\COMP3001-coursework\Report\Question 4\Question4\Question4\canny.cpp(728,9): warning C4101: 'j': unreferenced local variable
C:\Git\COMP3001-coursework\Report\Question 4\Question4\Question4\canny.cpp(728,6): warning C4101: 'i': unreferenced local variable
C:\Git\COMP3001-coursework\Report\Question 4\Question4\Question4\canny.cpp(738,16): warning C4101: 'temp': unreferenced local variable
  Generating code
  1 of 18 functions ( 5.6%) were compiled, the rest were copied from previous compilation.
    0 functions were new in current compilation
    1 functions had inline decision re-evaluated but remain unchanged
  Finished generating code
  Question4.vcxproj -> C:\Git\COMP3001-coursework\Report\Question 4\Question4\Release\Question4.exe
